#
# There is insufficient memory for the Java Runtime Environment to continue.
# Native memory allocation (malloc) failed to allocate 1860816 bytes. Error detail: Chunk::new
# Possible reasons:
#   The system is out of physical RAM or swap space
#   This process is running with CompressedOops enabled, and the Java Heap may be blocking the growth of the native heap
# Possible solutions:
#   Reduce memory load on the system
#   Increase physical memory or swap space
#   Check if swap backing store is full
#   Decrease Java heap size (-Xmx/-Xms)
#   Decrease number of Java threads
#   Decrease Java thread stack sizes (-Xss)
#   Set larger code cache with -XX:ReservedCodeCacheSize=
#   JVM is running with Unscaled Compressed Oops mode in which the Java heap is
#     placed in the first 4GB address space. The Java Heap base address is the
#     maximum limit for the native heap growth. Please use -XX:HeapBaseMinAddress
#     to set the Java Heap base and to place the Java Heap above 4GB virtual address.
# This output file may be truncated or incomplete.
#
#  Out of Memory Error (arena.cpp:168), pid=22140, tid=18796
#
# JRE version: OpenJDK Runtime Environment Temurin-21.0.6+7 (21.0.6+7) (build 21.0.6+7-LTS)
# Java VM: OpenJDK 64-Bit Server VM Temurin-21.0.6+7 (21.0.6+7-LTS, mixed mode, sharing, tiered, compressed oops, compressed class ptrs, parallel gc, windows-amd64)
# No core dump will be written. Minidumps are not enabled by default on client versions of Windows
#

---------------  S U M M A R Y ------------

Command Line: --add-modules=ALL-SYSTEM --add-opens=java.base/java.util=ALL-UNNAMED --add-opens=java.base/java.lang=ALL-UNNAMED --add-opens=java.base/sun.nio.fs=ALL-UNNAMED -Declipse.application=org.eclipse.jdt.ls.core.id1 -Dosgi.bundles.defaultStartLevel=4 -Declipse.product=org.eclipse.jdt.ls.core.product -Djava.import.generatesMetadataFilesAtProjectRoot=false -DDetectVMInstallationsJob.disabled=true -Dfile.encoding=utf8 -XX:+UseParallelGC -XX:GCTimeRatio=4 -XX:AdaptiveSizePolicyWeight=90 -Dsun.zip.disableMemoryMapping=true -Xmx1G -Xms100m -Xlog:disable -javaagent:c:\Users\ax201\.vscode\extensions\redhat.java-1.41.1-win32-x64\lombok\lombok-1.18.36.jar -XX:+HeapDumpOnOutOfMemoryError -XX:HeapDumpPath=c:\Users\ax201\AppData\Roaming\Code\User\workspaceStorage\d68a245a18b75e04634b6f98b15ffa60\redhat.java -Daether.dependencyCollector.impl=bf c:\Users\ax201\.vscode\extensions\redhat.java-1.41.1-win32-x64\server\plugins\org.eclipse.equinox.launcher_1.7.0.v20250331-1702.jar -configuration c:\Users\ax201\AppData\Roaming\Code\User\globalStorage\redhat.java\1.41.1\config_win -data c:\Users\ax201\AppData\Roaming\Code\User\workspaceStorage\d68a245a18b75e04634b6f98b15ffa60\redhat.java\jdt_ws --pipe=\\.\pipe\lsp-52f6fd4ac72f564bc53a11029f139f51-sock

Host: AMD Ryzen 3 5300U with Radeon Graphics         , 8 cores, 5G,  Windows 11 , 64 bit Build 22621 (10.0.22621.5124)
Time: Thu Apr 24 18:48:28 2025 Hora estándar central (México) elapsed time: 36.149128 seconds (0d 0h 0m 36s)

---------------  T H R E A D  ---------------

Current thread (0x00000140a0402ec0):  JavaThread "C2 CompilerThread0" daemon [_thread_in_native, id=18796, stack(0x0000002548800000,0x0000002548900000) (1024K)]


Current CompileTask:
C2:36149 9902       4       java.util.Properties::load0 (249 bytes)

Stack: [0x0000002548800000,0x0000002548900000]
Native frames: (J=compiled Java code, j=interpreted, Vv=VM code, C=native code)
V  [jvm.dll+0x6cdee9]
V  [jvm.dll+0x8a83d1]
V  [jvm.dll+0x8aa8fe]
V  [jvm.dll+0x8aafe3]
V  [jvm.dll+0x27f706]
V  [jvm.dll+0xc500d]
V  [jvm.dll+0xc5543]
V  [jvm.dll+0x3b6752]
V  [jvm.dll+0x382935]
V  [jvm.dll+0x381d9a]
V  [jvm.dll+0x2479f0]
V  [jvm.dll+0x246fcf]
V  [jvm.dll+0x1c75ee]
V  [jvm.dll+0x25685a]
V  [jvm.dll+0x254dfa]
V  [jvm.dll+0x3f0256]
V  [jvm.dll+0x851f8b]
V  [jvm.dll+0x6cc5ed]
C  [ucrtbase.dll+0x29333]
C  [KERNEL32.DLL+0x1259d]
C  [ntdll.dll+0x5af38]


---------------  P R O C E S S  ---------------

Threads class SMR info:
_java_thread_list=0x00000140e8aa5020, length=38, elements={
0x000001408c0405d0, 0x00000140a03f1950, 0x00000140a03f2900, 0x00000140a03f54f0,
0x00000140a03f8580, 0x00000140a03f7bb0, 0x00000140a03fd770, 0x00000140a0402ec0,
0x00000140a0403b30, 0x000001408c0acce0, 0x00000140e730ace0, 0x00000140e77d85e0,
0x00000140e7a1b510, 0x00000140e7bdceb0, 0x00000140e7251970, 0x00000140e7f4a880,
0x00000140e7ae0970, 0x00000140e80a9540, 0x00000140e80a6750, 0x00000140e80a7b00,
0x00000140e80a7470, 0x00000140e80a8190, 0x00000140e80a6de0, 0x00000140e80a8820,
0x00000140e80a8eb0, 0x00000140e80a60c0, 0x00000140ea5a6860, 0x00000140ea5a4e20,
0x00000140ea5a4790, 0x00000140ea5a8fc0, 0x00000140ea5a33e0, 0x00000140ea5a54b0,
0x00000140ea5a2030, 0x00000140ea5a26c0, 0x00000140ea5a5b40, 0x00000140ea5a3a70,
0x00000140ea5a2d50, 0x00000140ea5a61d0
}

Java Threads: ( => current thread )
  0x000001408c0405d0 JavaThread "main"                              [_thread_blocked, id=7256, stack(0x0000002547e00000,0x0000002547f00000) (1024K)]
  0x00000140a03f1950 JavaThread "Reference Handler"          daemon [_thread_blocked, id=14944, stack(0x0000002548200000,0x0000002548300000) (1024K)]
  0x00000140a03f2900 JavaThread "Finalizer"                  daemon [_thread_blocked, id=23692, stack(0x0000002548300000,0x0000002548400000) (1024K)]
  0x00000140a03f54f0 JavaThread "Signal Dispatcher"          daemon [_thread_blocked, id=22852, stack(0x0000002548400000,0x0000002548500000) (1024K)]
  0x00000140a03f8580 JavaThread "Attach Listener"            daemon [_thread_blocked, id=16756, stack(0x0000002548500000,0x0000002548600000) (1024K)]
  0x00000140a03f7bb0 JavaThread "Service Thread"             daemon [_thread_blocked, id=7848, stack(0x0000002548600000,0x0000002548700000) (1024K)]
  0x00000140a03fd770 JavaThread "Monitor Deflation Thread"   daemon [_thread_blocked, id=5872, stack(0x0000002548700000,0x0000002548800000) (1024K)]
=>0x00000140a0402ec0 JavaThread "C2 CompilerThread0"         daemon [_thread_in_native, id=18796, stack(0x0000002548800000,0x0000002548900000) (1024K)]
  0x00000140a0403b30 JavaThread "C1 CompilerThread0"         daemon [_thread_blocked, id=21976, stack(0x0000002548900000,0x0000002548a00000) (1024K)]
  0x000001408c0acce0 JavaThread "Common-Cleaner"             daemon [_thread_blocked, id=7028, stack(0x0000002548a00000,0x0000002548b00000) (1024K)]
  0x00000140e730ace0 JavaThread "Notification Thread"        daemon [_thread_blocked, id=11880, stack(0x0000002548b00000,0x0000002548c00000) (1024K)]
  0x00000140e77d85e0 JavaThread "Active Thread: Equinox Container: ce5418f2-a8bb-4294-b81a-726d2d0e7b00"        [_thread_blocked, id=13872, stack(0x0000002549200000,0x0000002549300000) (1024K)]
  0x00000140e7a1b510 JavaThread "Refresh Thread: Equinox Container: ce5418f2-a8bb-4294-b81a-726d2d0e7b00" daemon [_thread_blocked, id=5952, stack(0x0000002549300000,0x0000002549400000) (1024K)]
  0x00000140e7bdceb0 JavaThread "Framework Event Dispatcher: Equinox Container: ce5418f2-a8bb-4294-b81a-726d2d0e7b00" daemon [_thread_blocked, id=26292, stack(0x0000002549500000,0x0000002549600000) (1024K)]
  0x00000140e7251970 JavaThread "Start Level: Equinox Container: ce5418f2-a8bb-4294-b81a-726d2d0e7b00" daemon [_thread_blocked, id=13284, stack(0x0000002549600000,0x0000002549700000) (1024K)]
  0x00000140e7f4a880 JavaThread "Bundle File Closer"         daemon [_thread_blocked, id=17528, stack(0x0000002549700000,0x0000002549800000) (1024K)]
  0x00000140e7ae0970 JavaThread "SCR Component Actor"        daemon [_thread_blocked, id=24212, stack(0x0000002549800000,0x0000002549900000) (1024K)]
  0x00000140e80a9540 JavaThread "Worker-JM"                         [_thread_blocked, id=6008, stack(0x0000002549a00000,0x0000002549b00000) (1024K)]
  0x00000140e80a6750 JavaThread "Worker-0: Initialize Workspace"        [_thread_in_vm, id=11556, stack(0x0000002549b00000,0x0000002549c00000) (1024K)]
  0x00000140e80a7b00 JavaThread "Worker-1"                          [_thread_blocked, id=5008, stack(0x0000002549c00000,0x0000002549d00000) (1024K)]
  0x00000140e80a7470 JavaThread "Java indexing"              daemon [_thread_blocked, id=22584, stack(0x0000002549d00000,0x0000002549e00000) (1024K)]
  0x00000140e80a8190 JavaThread "JNA Cleaner"                daemon [_thread_blocked, id=21736, stack(0x0000002549e00000,0x0000002549f00000) (1024K)]
  0x00000140e80a6de0 JavaThread "Worker-2"                          [_thread_blocked, id=9232, stack(0x0000002549f00000,0x000000254a000000) (1024K)]
  0x00000140e80a8820 JavaThread "Worker-3"                          [_thread_blocked, id=22156, stack(0x000000254a000000,0x000000254a100000) (1024K)]
  0x00000140e80a8eb0 JavaThread "Thread-2"                   daemon [_thread_in_native, id=14672, stack(0x000000254a100000,0x000000254a200000) (1024K)]
  0x00000140e80a60c0 JavaThread "Thread-3"                   daemon [_thread_in_native, id=3792, stack(0x000000254a200000,0x000000254a300000) (1024K)]
  0x00000140ea5a6860 JavaThread "Thread-4"                   daemon [_thread_in_native, id=17084, stack(0x000000254a300000,0x000000254a400000) (1024K)]
  0x00000140ea5a4e20 JavaThread "Thread-5"                   daemon [_thread_in_native, id=6188, stack(0x000000254a400000,0x000000254a500000) (1024K)]
  0x00000140ea5a4790 JavaThread "Thread-6"                   daemon [_thread_in_native, id=26284, stack(0x000000254a500000,0x000000254a600000) (1024K)]
  0x00000140ea5a8fc0 JavaThread "Thread-7"                   daemon [_thread_in_native, id=25404, stack(0x000000254a600000,0x000000254a700000) (1024K)]
  0x00000140ea5a33e0 JavaThread "Thread-8"                   daemon [_thread_in_native, id=25500, stack(0x000000254a700000,0x000000254a800000) (1024K)]
  0x00000140ea5a54b0 JavaThread "Thread-9"                   daemon [_thread_in_native, id=10696, stack(0x000000254a800000,0x000000254a900000) (1024K)]
  0x00000140ea5a2030 JavaThread "Thread-10"                  daemon [_thread_in_native, id=19976, stack(0x000000254a900000,0x000000254aa00000) (1024K)]
  0x00000140ea5a26c0 JavaThread "pool-2-thread-1"                   [_thread_blocked, id=15008, stack(0x000000254aa00000,0x000000254ab00000) (1024K)]
  0x00000140ea5a5b40 JavaThread "Worker-4"                          [_thread_blocked, id=8668, stack(0x000000254ab00000,0x000000254ac00000) (1024K)]
  0x00000140ea5a3a70 JavaThread "WorkspaceEventsHandler"            [_thread_blocked, id=20172, stack(0x000000254ac00000,0x000000254ad00000) (1024K)]
  0x00000140ea5a2d50 JavaThread "pool-1-thread-1"                   [_thread_blocked, id=23456, stack(0x000000254ad00000,0x000000254ae00000) (1024K)]
  0x00000140ea5a61d0 JavaThread "Worker-5"                          [_thread_blocked, id=20180, stack(0x000000254ae00000,0x000000254af00000) (1024K)]
Total: 38

Other Threads:
  0x00000140a03d3500 VMThread "VM Thread"                           [id=22708, stack(0x0000002548100000,0x0000002548200000) (1024K)]
  0x00000140a030cb20 WatcherThread "VM Periodic Task Thread"        [id=20816, stack(0x0000002548000000,0x0000002548100000) (1024K)]
  0x000001408c060560 WorkerThread "GC Thread#0"                     [id=2024, stack(0x0000002547f00000,0x0000002548000000) (1024K)]
  0x00000140e7672820 WorkerThread "GC Thread#1"                     [id=1844, stack(0x0000002548c00000,0x0000002548d00000) (1024K)]
  0x00000140e7a51400 WorkerThread "GC Thread#2"                     [id=22980, stack(0x0000002548d00000,0x0000002548e00000) (1024K)]
  0x00000140e7a50580 WorkerThread "GC Thread#3"                     [id=19512, stack(0x0000002548e00000,0x0000002548f00000) (1024K)]
  0x00000140e7a4fe40 WorkerThread "GC Thread#4"                     [id=18176, stack(0x0000002548f00000,0x0000002549000000) (1024K)]
  0x00000140e7a517a0 WorkerThread "GC Thread#5"                     [id=8904, stack(0x0000002549000000,0x0000002549100000) (1024K)]
  0x00000140e7a51060 WorkerThread "GC Thread#6"                     [id=10068, stack(0x0000002549100000,0x0000002549200000) (1024K)]
  0x00000140e7a50920 WorkerThread "GC Thread#7"                     [id=5940, stack(0x0000002549400000,0x0000002549500000) (1024K)]
Total: 10

Threads with active compile tasks:
C2 CompilerThread0  36171 9902       4       java.util.Properties::load0 (249 bytes)
Total: 1

VM state: not at safepoint (normal execution)

VM Mutex/Monitor currently owned by a thread: None

Heap address: 0x00000000c0000000, size: 1024 MB, Compressed Oops mode: 32-bit

CDS archive(s) mapped at: [0x00000140a1000000-0x00000140a1ba0000-0x00000140a1ba0000), size 12189696, SharedBaseAddress: 0x00000140a1000000, ArchiveRelocationMode: 1.
Compressed class space mapped at: 0x00000140a2000000-0x00000140e2000000, reserved size: 1073741824
Narrow klass base: 0x00000140a1000000, Narrow klass shift: 0, Narrow klass range: 0x100000000

GC Precious Log:
 CardTable entry size: 512
 CPUs: 8 total, 8 available
 Memory: 6005M
 Large Page Support: Disabled
 NUMA Support: Disabled
 Compressed Oops: Enabled (32-bit)
 Alignments: Space 512K, Generation 512K, Heap 2M
 Heap Min Capacity: 100M
 Heap Initial Capacity: 100M
 Heap Max Capacity: 1G
 Pre-touch: Disabled
 Parallel Workers: 8

Heap:
 PSYoungGen      total 21504K, used 10257K [0x00000000eab00000, 0x00000000ec100000, 0x0000000100000000)
  eden space 20480K, 45% used [0x00000000eab00000,0x00000000eb40c468,0x00000000ebf00000)
  from space 1024K, 96% used [0x00000000ebf00000,0x00000000ebff8030,0x00000000ec000000)
  to   space 512K, 0% used [0x00000000ec080000,0x00000000ec080000,0x00000000ec100000)
 ParOldGen       total 68608K, used 35511K [0x00000000c0000000, 0x00000000c4300000, 0x00000000eab00000)
  object space 68608K, 51% used [0x00000000c0000000,0x00000000c22addc0,0x00000000c4300000)
 Metaspace       used 61796K, committed 63104K, reserved 1114112K
  class space    used 6646K, committed 7232K, reserved 1048576K

Card table byte_map: [0x000001408b9e0000,0x000001408bbf0000] _byte_map_base: 0x000001408b3e0000

Marking Bits: (ParMarkBitMap*) 0x00007ffecc763260
 Begin Bits: [0x000001409e230000, 0x000001409f230000)
 End Bits:   [0x000001409f230000, 0x00000140a0230000)

Polling page: 0x0000014089e50000

Metaspace:

Usage:
  Non-class:     53.86 MB used.
      Class:      6.49 MB used.
       Both:     60.35 MB used.

Virtual space:
  Non-class space:       64.00 MB reserved,      54.56 MB ( 85%) committed,  1 nodes.
      Class space:        1.00 GB reserved,       7.06 MB ( <1%) committed,  1 nodes.
             Both:        1.06 GB reserved,      61.62 MB (  6%) committed. 

Chunk freelists:
   Non-Class:  9.19 MB
       Class:  8.96 MB
        Both:  18.14 MB

MaxMetaspaceSize: unlimited
CompressedClassSpaceSize: 1.00 GB
Initial GC threshold: 21.00 MB
Current GC threshold: 97.31 MB
CDS: on
 - commit_granule_bytes: 65536.
 - commit_granule_words: 8192.
 - virtual_space_node_default_size: 8388608.
 - enlarge_chunks_in_place: 1.
 - use_allocation_guard: 0.


Internal statistics:

num_allocs_failed_limit: 9.
num_arena_births: 980.
num_arena_deaths: 24.
num_vsnodes_births: 2.
num_vsnodes_deaths: 0.
num_space_committed: 986.
num_space_uncommitted: 0.
num_chunks_returned_to_freelist: 38.
num_chunks_taken_from_freelist: 3525.
num_chunk_merges: 17.
num_chunk_splits: 2229.
num_chunks_enlarged: 1354.
num_inconsistent_stats: 0.

CodeHeap 'non-profiled nmethods': size=120000Kb used=4699Kb max_used=4699Kb free=115300Kb
 bounds [0x0000014096d00000, 0x00000140971a0000, 0x000001409e230000]
CodeHeap 'profiled nmethods': size=120000Kb used=19520Kb max_used=19520Kb free=100479Kb
 bounds [0x000001408f230000, 0x0000014090550000, 0x0000014096760000]
CodeHeap 'non-nmethods': size=5760Kb used=1450Kb max_used=1498Kb free=4309Kb
 bounds [0x0000014096760000, 0x00000140969d0000, 0x0000014096d00000]
 total_blobs=10277 nmethods=9514 adapters=669
 compilation: enabled
              stopped_count=0, restarted_count=0
 full_count=0

Compilation events (20 events):
Event: 36.120 Thread 0x00000140a0403b30 10176       3       jdk.internal.jrtfs.JrtPath::getName (6 bytes)
Event: 36.120 Thread 0x00000140a0403b30 nmethod 10176 0x0000014090536410 code [0x00000140905365c0, 0x00000140905366f8]
Event: 36.120 Thread 0x00000140a0403b30 10177       3       jdk.internal.jrtfs.JrtPath::getName (116 bytes)
Event: 36.121 Thread 0x00000140a0403b30 nmethod 10177 0x0000014090536790 code [0x0000014090536a60, 0x0000014090537620]
Event: 36.121 Thread 0x00000140a0403b30 10178       3       java.util.ArrayList::equals (62 bytes)
Event: 36.121 Thread 0x00000140a0403b30 nmethod 10178 0x0000014090537b90 code [0x0000014090537da0, 0x0000014090538588]
Event: 36.123 Thread 0x00000140a0403b30 10179       2       jdk.internal.jimage.ImageReader$SharedImageReader::visitLocation (73 bytes)
Event: 36.123 Thread 0x00000140a0403b30 nmethod 10179 0x0000014090538790 code [0x00000140905389e0, 0x0000014090538f00]
Event: 36.124 Thread 0x00000140a0403b30 10180       3       org.eclipse.jdt.internal.core.JarPackageFragmentRoot::initRawPackageInfo (292 bytes)
Event: 36.126 Thread 0x00000140a0403b30 nmethod 10180 0x0000014090539310 code [0x0000014090539880, 0x000001409053c6f0]
Event: 36.126 Thread 0x00000140a0403b30 10184       3       org.eclipse.jdt.internal.compiler.util.Util::isClassFileName (82 bytes)
Event: 36.127 Thread 0x00000140a0403b30 nmethod 10184 0x000001409053d890 code [0x000001409053dae0, 0x000001409053e3a8]
Event: 36.127 Thread 0x00000140a0403b30 10188       3       jdk.internal.jrtfs.JrtPath::getNameCount (10 bytes)
Event: 36.127 Thread 0x00000140a0403b30 nmethod 10188 0x000001409053e790 code [0x000001409053e940, 0x000001409053ea98]
Event: 36.127 Thread 0x00000140a0403b30 10183       3       java.util.ArrayList$SubList::equals (47 bytes)
Event: 36.127 Thread 0x00000140a0403b30 nmethod 10183 0x000001409053eb90 code [0x000001409053ed80, 0x000001409053f3b8]
Event: 36.127 Thread 0x00000140a0403b30 10181       3       org.eclipse.jdt.internal.core.JrtPackageFragmentRoot$1::visitFile (14 bytes)
Event: 36.128 Thread 0x00000140a0403b30 nmethod 10181 0x000001409053f590 code [0x000001409053f760, 0x000001409053fab8]
Event: 36.128 Thread 0x00000140a0403b30 10186       3       org.eclipse.jdt.internal.compiler.util.JrtFileSystem$2::visitFile (72 bytes)
Event: 36.128 Thread 0x00000140a0403b30 nmethod 10186 0x000001409053fb90 code [0x000001409053fdc0, 0x0000014090540540]

GC Heap History (20 events):
Event: 29.114 GC heap before
{Heap before GC invocations=29 (full 2):
 PSYoungGen      total 22528K, used 22368K [0x00000000eab00000, 0x00000000ec380000, 0x0000000100000000)
  eden space 21504K, 100% used [0x00000000eab00000,0x00000000ec000000,0x00000000ec000000)
  from space 1024K, 84% used [0x00000000ec280000,0x00000000ec358000,0x00000000ec380000)
  to   space 1536K, 0% used [0x00000000ec080000,0x00000000ec080000,0x00000000ec200000)
 ParOldGen       total 68608K, used 35130K [0x00000000c0000000, 0x00000000c4300000, 0x00000000eab00000)
  object space 68608K, 51% used [0x00000000c0000000,0x00000000c224ea28,0x00000000c4300000)
 Metaspace       used 56546K, committed 57728K, reserved 1114112K
  class space    used 6073K, committed 6592K, reserved 1048576K
}
Event: 29.115 GC heap after
{Heap after GC invocations=29 (full 2):
 PSYoungGen      total 22528K, used 1008K [0x00000000eab00000, 0x00000000ec300000, 0x0000000100000000)
  eden space 21504K, 0% used [0x00000000eab00000,0x00000000eab00000,0x00000000ec000000)
  from space 1024K, 98% used [0x00000000ec080000,0x00000000ec17c038,0x00000000ec180000)
  to   space 1536K, 0% used [0x00000000ec180000,0x00000000ec180000,0x00000000ec300000)
 ParOldGen       total 68608K, used 35778K [0x00000000c0000000, 0x00000000c4300000, 0x00000000eab00000)
  object space 68608K, 52% used [0x00000000c0000000,0x00000000c22f0a88,0x00000000c4300000)
 Metaspace       used 56546K, committed 57728K, reserved 1114112K
  class space    used 6073K, committed 6592K, reserved 1048576K
}
Event: 29.579 GC heap before
{Heap before GC invocations=30 (full 2):
 PSYoungGen      total 22528K, used 22512K [0x00000000eab00000, 0x00000000ec300000, 0x0000000100000000)
  eden space 21504K, 100% used [0x00000000eab00000,0x00000000ec000000,0x00000000ec000000)
  from space 1024K, 98% used [0x00000000ec080000,0x00000000ec17c038,0x00000000ec180000)
  to   space 1536K, 0% used [0x00000000ec180000,0x00000000ec180000,0x00000000ec300000)
 ParOldGen       total 68608K, used 35778K [0x00000000c0000000, 0x00000000c4300000, 0x00000000eab00000)
  object space 68608K, 52% used [0x00000000c0000000,0x00000000c22f0a88,0x00000000c4300000)
 Metaspace       used 56571K, committed 57728K, reserved 1114112K
  class space    used 6074K, committed 6592K, reserved 1048576K
}
Event: 29.580 GC heap after
{Heap after GC invocations=30 (full 2):
 PSYoungGen      total 22016K, used 224K [0x00000000eab00000, 0x00000000ec200000, 0x0000000100000000)
  eden space 21504K, 0% used [0x00000000eab00000,0x00000000eab00000,0x00000000ec000000)
  from space 512K, 43% used [0x00000000ec180000,0x00000000ec1b8010,0x00000000ec200000)
  to   space 1024K, 0% used [0x00000000ec000000,0x00000000ec000000,0x00000000ec100000)
 ParOldGen       total 68608K, used 36673K [0x00000000c0000000, 0x00000000c4300000, 0x00000000eab00000)
  object space 68608K, 53% used [0x00000000c0000000,0x00000000c23d0578,0x00000000c4300000)
 Metaspace       used 56571K, committed 57728K, reserved 1114112K
  class space    used 6074K, committed 6592K, reserved 1048576K
}
Event: 29.827 GC heap before
{Heap before GC invocations=31 (full 2):
 PSYoungGen      total 22016K, used 21728K [0x00000000eab00000, 0x00000000ec200000, 0x0000000100000000)
  eden space 21504K, 100% used [0x00000000eab00000,0x00000000ec000000,0x00000000ec000000)
  from space 512K, 43% used [0x00000000ec180000,0x00000000ec1b8010,0x00000000ec200000)
  to   space 1024K, 0% used [0x00000000ec000000,0x00000000ec000000,0x00000000ec100000)
 ParOldGen       total 68608K, used 36673K [0x00000000c0000000, 0x00000000c4300000, 0x00000000eab00000)
  object space 68608K, 53% used [0x00000000c0000000,0x00000000c23d0578,0x00000000c4300000)
 Metaspace       used 56576K, committed 57728K, reserved 1114112K
  class space    used 6074K, committed 6592K, reserved 1048576K
}
Event: 29.829 GC heap after
{Heap after GC invocations=31 (full 2):
 PSYoungGen      total 22528K, used 128K [0x00000000eab00000, 0x00000000ec200000, 0x0000000100000000)
  eden space 21504K, 0% used [0x00000000eab00000,0x00000000eab00000,0x00000000ec000000)
  from space 1024K, 12% used [0x00000000ec000000,0x00000000ec020000,0x00000000ec100000)
  to   space 512K, 0% used [0x00000000ec180000,0x00000000ec180000,0x00000000ec200000)
 ParOldGen       total 68608K, used 36777K [0x00000000c0000000, 0x00000000c4300000, 0x00000000eab00000)
  object space 68608K, 53% used [0x00000000c0000000,0x00000000c23ea598,0x00000000c4300000)
 Metaspace       used 56576K, committed 57728K, reserved 1114112K
  class space    used 6074K, committed 6592K, reserved 1048576K
}
Event: 30.091 GC heap before
{Heap before GC invocations=32 (full 2):
 PSYoungGen      total 22528K, used 21632K [0x00000000eab00000, 0x00000000ec200000, 0x0000000100000000)
  eden space 21504K, 100% used [0x00000000eab00000,0x00000000ec000000,0x00000000ec000000)
  from space 1024K, 12% used [0x00000000ec000000,0x00000000ec020000,0x00000000ec100000)
  to   space 512K, 0% used [0x00000000ec180000,0x00000000ec180000,0x00000000ec200000)
 ParOldGen       total 68608K, used 36777K [0x00000000c0000000, 0x00000000c4300000, 0x00000000eab00000)
  object space 68608K, 53% used [0x00000000c0000000,0x00000000c23ea598,0x00000000c4300000)
 Metaspace       used 56583K, committed 57728K, reserved 1114112K
  class space    used 6074K, committed 6592K, reserved 1048576K
}
Event: 30.092 GC heap after
{Heap after GC invocations=32 (full 2):
 PSYoungGen      total 22016K, used 96K [0x00000000eab00000, 0x00000000ec200000, 0x0000000100000000)
  eden space 21504K, 0% used [0x00000000eab00000,0x00000000eab00000,0x00000000ec000000)
  from space 512K, 18% used [0x00000000ec180000,0x00000000ec198000,0x00000000ec200000)
  to   space 512K, 0% used [0x00000000ec100000,0x00000000ec100000,0x00000000ec180000)
 ParOldGen       total 68608K, used 36793K [0x00000000c0000000, 0x00000000c4300000, 0x00000000eab00000)
  object space 68608K, 53% used [0x00000000c0000000,0x00000000c23ee598,0x00000000c4300000)
 Metaspace       used 56583K, committed 57728K, reserved 1114112K
  class space    used 6074K, committed 6592K, reserved 1048576K
}
Event: 30.723 GC heap before
{Heap before GC invocations=33 (full 2):
 PSYoungGen      total 22016K, used 21600K [0x00000000eab00000, 0x00000000ec200000, 0x0000000100000000)
  eden space 21504K, 100% used [0x00000000eab00000,0x00000000ec000000,0x00000000ec000000)
  from space 512K, 18% used [0x00000000ec180000,0x00000000ec198000,0x00000000ec200000)
  to   space 512K, 0% used [0x00000000ec100000,0x00000000ec100000,0x00000000ec180000)
 ParOldGen       total 68608K, used 36793K [0x00000000c0000000, 0x00000000c4300000, 0x00000000eab00000)
  object space 68608K, 53% used [0x00000000c0000000,0x00000000c23ee598,0x00000000c4300000)
 Metaspace       used 57409K, committed 58624K, reserved 1114112K
  class space    used 6159K, committed 6656K, reserved 1048576K
}
Event: 30.725 GC heap after
{Heap after GC invocations=33 (full 2):
 PSYoungGen      total 22016K, used 512K [0x00000000eab00000, 0x00000000ec300000, 0x0000000100000000)
  eden space 21504K, 0% used [0x00000000eab00000,0x00000000eab00000,0x00000000ec000000)
  from space 512K, 100% used [0x00000000ec100000,0x00000000ec180000,0x00000000ec180000)
  to   space 1536K, 0% used [0x00000000ec180000,0x00000000ec180000,0x00000000ec300000)
 ParOldGen       total 68608K, used 37433K [0x00000000c0000000, 0x00000000c4300000, 0x00000000eab00000)
  object space 68608K, 54% used [0x00000000c0000000,0x00000000c248e5b8,0x00000000c4300000)
 Metaspace       used 57409K, committed 58624K, reserved 1114112K
  class space    used 6159K, committed 6656K, reserved 1048576K
}
Event: 31.841 GC heap before
{Heap before GC invocations=34 (full 2):
 PSYoungGen      total 22016K, used 16696K [0x00000000eab00000, 0x00000000ec300000, 0x0000000100000000)
  eden space 21504K, 75% used [0x00000000eab00000,0x00000000ebace080,0x00000000ec000000)
  from space 512K, 100% used [0x00000000ec100000,0x00000000ec180000,0x00000000ec180000)
  to   space 1536K, 0% used [0x00000000ec180000,0x00000000ec180000,0x00000000ec300000)
 ParOldGen       total 68608K, used 37433K [0x00000000c0000000, 0x00000000c4300000, 0x00000000eab00000)
  object space 68608K, 54% used [0x00000000c0000000,0x00000000c248e5b8,0x00000000c4300000)
 Metaspace       used 58527K, committed 59776K, reserved 1114112K
  class space    used 6302K, committed 6848K, reserved 1048576K
}
Event: 31.844 GC heap after
{Heap after GC invocations=34 (full 2):
 PSYoungGen      total 22016K, used 1517K [0x00000000eab00000, 0x00000000ec500000, 0x0000000100000000)
  eden space 20480K, 0% used [0x00000000eab00000,0x00000000eab00000,0x00000000ebf00000)
  from space 1536K, 98% used [0x00000000ec180000,0x00000000ec2fb510,0x00000000ec300000)
  to   space 2560K, 0% used [0x00000000ebf00000,0x00000000ebf00000,0x00000000ec180000)
 ParOldGen       total 68608K, used 37941K [0x00000000c0000000, 0x00000000c4300000, 0x00000000eab00000)
  object space 68608K, 55% used [0x00000000c0000000,0x00000000c250d5c8,0x00000000c4300000)
 Metaspace       used 58527K, committed 59776K, reserved 1114112K
  class space    used 6302K, committed 6848K, reserved 1048576K
}
Event: 31.844 GC heap before
{Heap before GC invocations=35 (full 3):
 PSYoungGen      total 22016K, used 1517K [0x00000000eab00000, 0x00000000ec500000, 0x0000000100000000)
  eden space 20480K, 0% used [0x00000000eab00000,0x00000000eab00000,0x00000000ebf00000)
  from space 1536K, 98% used [0x00000000ec180000,0x00000000ec2fb510,0x00000000ec300000)
  to   space 2560K, 0% used [0x00000000ebf00000,0x00000000ebf00000,0x00000000ec180000)
 ParOldGen       total 68608K, used 37941K [0x00000000c0000000, 0x00000000c4300000, 0x00000000eab00000)
  object space 68608K, 55% used [0x00000000c0000000,0x00000000c250d5c8,0x00000000c4300000)
 Metaspace       used 58527K, committed 59776K, reserved 1114112K
  class space    used 6302K, committed 6848K, reserved 1048576K
}
Event: 31.919 GC heap after
{Heap after GC invocations=35 (full 3):
 PSYoungGen      total 22016K, used 0K [0x00000000eab00000, 0x00000000ec500000, 0x0000000100000000)
  eden space 20480K, 0% used [0x00000000eab00000,0x00000000eab00000,0x00000000ebf00000)
  from space 1536K, 0% used [0x00000000ec180000,0x00000000ec180000,0x00000000ec300000)
  to   space 2560K, 0% used [0x00000000ebf00000,0x00000000ebf00000,0x00000000ec180000)
 ParOldGen       total 68608K, used 33303K [0x00000000c0000000, 0x00000000c4300000, 0x00000000eab00000)
  object space 68608K, 48% used [0x00000000c0000000,0x00000000c2085e50,0x00000000c4300000)
 Metaspace       used 58519K, committed 59776K, reserved 1114112K
  class space    used 6300K, committed 6848K, reserved 1048576K
}
Event: 32.263 GC heap before
{Heap before GC invocations=36 (full 3):
 PSYoungGen      total 22016K, used 20480K [0x00000000eab00000, 0x00000000ec500000, 0x0000000100000000)
  eden space 20480K, 100% used [0x00000000eab00000,0x00000000ebf00000,0x00000000ebf00000)
  from space 1536K, 0% used [0x00000000ec180000,0x00000000ec180000,0x00000000ec300000)
  to   space 2560K, 0% used [0x00000000ebf00000,0x00000000ebf00000,0x00000000ec180000)
 ParOldGen       total 68608K, used 33303K [0x00000000c0000000, 0x00000000c4300000, 0x00000000eab00000)
  object space 68608K, 48% used [0x00000000c0000000,0x00000000c2085e50,0x00000000c4300000)
 Metaspace       used 59829K, committed 61056K, reserved 1114112K
  class space    used 6459K, committed 6976K, reserved 1048576K
}
Event: 32.264 GC heap after
{Heap after GC invocations=36 (full 3):
 PSYoungGen      total 22016K, used 1038K [0x00000000eab00000, 0x00000000ec200000, 0x0000000100000000)
  eden space 20480K, 0% used [0x00000000eab00000,0x00000000eab00000,0x00000000ebf00000)
  from space 1536K, 67% used [0x00000000ebf00000,0x00000000ec003828,0x00000000ec080000)
  to   space 1536K, 0% used [0x00000000ec080000,0x00000000ec080000,0x00000000ec200000)
 ParOldGen       total 68608K, used 33311K [0x00000000c0000000, 0x00000000c4300000, 0x00000000eab00000)
  object space 68608K, 48% used [0x00000000c0000000,0x00000000c2087e50,0x00000000c4300000)
 Metaspace       used 59829K, committed 61056K, reserved 1114112K
  class space    used 6459K, committed 6976K, reserved 1048576K
}
Event: 35.969 GC heap before
{Heap before GC invocations=37 (full 3):
 PSYoungGen      total 22016K, used 21518K [0x00000000eab00000, 0x00000000ec200000, 0x0000000100000000)
  eden space 20480K, 100% used [0x00000000eab00000,0x00000000ebf00000,0x00000000ebf00000)
  from space 1536K, 67% used [0x00000000ebf00000,0x00000000ec003828,0x00000000ec080000)
  to   space 1536K, 0% used [0x00000000ec080000,0x00000000ec080000,0x00000000ec200000)
 ParOldGen       total 68608K, used 33311K [0x00000000c0000000, 0x00000000c4300000, 0x00000000eab00000)
  object space 68608K, 48% used [0x00000000c0000000,0x00000000c2087e50,0x00000000c4300000)
 Metaspace       used 61033K, committed 62336K, reserved 1114112K
  class space    used 6586K, committed 7168K, reserved 1048576K
}
Event: 35.970 GC heap after
{Heap after GC invocations=37 (full 3):
 PSYoungGen      total 20992K, used 384K [0x00000000eab00000, 0x00000000ec100000, 0x0000000100000000)
  eden space 20480K, 0% used [0x00000000eab00000,0x00000000eab00000,0x00000000ebf00000)
  from space 512K, 75% used [0x00000000ec080000,0x00000000ec0e0000,0x00000000ec100000)
  to   space 1024K, 0% used [0x00000000ebf00000,0x00000000ebf00000,0x00000000ec000000)
 ParOldGen       total 68608K, used 34047K [0x00000000c0000000, 0x00000000c4300000, 0x00000000eab00000)
  object space 68608K, 49% used [0x00000000c0000000,0x00000000c213fdb0,0x00000000c4300000)
 Metaspace       used 61033K, committed 62336K, reserved 1114112K
  class space    used 6586K, committed 7168K, reserved 1048576K
}
Event: 36.136 GC heap before
{Heap before GC invocations=38 (full 3):
 PSYoungGen      total 20992K, used 20864K [0x00000000eab00000, 0x00000000ec100000, 0x0000000100000000)
  eden space 20480K, 100% used [0x00000000eab00000,0x00000000ebf00000,0x00000000ebf00000)
  from space 512K, 75% used [0x00000000ec080000,0x00000000ec0e0000,0x00000000ec100000)
  to   space 1024K, 0% used [0x00000000ebf00000,0x00000000ebf00000,0x00000000ec000000)
 ParOldGen       total 68608K, used 34047K [0x00000000c0000000, 0x00000000c4300000, 0x00000000eab00000)
  object space 68608K, 49% used [0x00000000c0000000,0x00000000c213fdb0,0x00000000c4300000)
 Metaspace       used 61796K, committed 63104K, reserved 1114112K
  class space    used 6646K, committed 7232K, reserved 1048576K
}
Event: 36.138 GC heap after
{Heap after GC invocations=38 (full 3):
 PSYoungGen      total 21504K, used 992K [0x00000000eab00000, 0x00000000ec100000, 0x0000000100000000)
  eden space 20480K, 0% used [0x00000000eab00000,0x00000000eab00000,0x00000000ebf00000)
  from space 1024K, 96% used [0x00000000ebf00000,0x00000000ebff8030,0x00000000ec000000)
  to   space 512K, 0% used [0x00000000ec080000,0x00000000ec080000,0x00000000ec100000)
 ParOldGen       total 68608K, used 35511K [0x00000000c0000000, 0x00000000c4300000, 0x00000000eab00000)
  object space 68608K, 51% used [0x00000000c0000000,0x00000000c22addc0,0x00000000c4300000)
 Metaspace       used 61796K, committed 63104K, reserved 1114112K
  class space    used 6646K, committed 7232K, reserved 1048576K
}

Dll operation events (14 events):
Event: 0.011 Loaded shared library c:\Users\ax201\.vscode\extensions\redhat.java-1.41.1-win32-x64\jre\21.0.6-win32-x86_64\bin\java.dll
Event: 0.231 Loaded shared library c:\Users\ax201\.vscode\extensions\redhat.java-1.41.1-win32-x64\jre\21.0.6-win32-x86_64\bin\zip.dll
Event: 0.281 Loaded shared library C:\Users\ax201\.vscode\extensions\redhat.java-1.41.1-win32-x64\jre\21.0.6-win32-x86_64\bin\instrument.dll
Event: 0.287 Loaded shared library C:\Users\ax201\.vscode\extensions\redhat.java-1.41.1-win32-x64\jre\21.0.6-win32-x86_64\bin\net.dll
Event: 0.290 Loaded shared library C:\Users\ax201\.vscode\extensions\redhat.java-1.41.1-win32-x64\jre\21.0.6-win32-x86_64\bin\nio.dll
Event: 0.295 Loaded shared library C:\Users\ax201\.vscode\extensions\redhat.java-1.41.1-win32-x64\jre\21.0.6-win32-x86_64\bin\zip.dll
Event: 0.329 Loaded shared library C:\Users\ax201\.vscode\extensions\redhat.java-1.41.1-win32-x64\jre\21.0.6-win32-x86_64\bin\jimage.dll
Event: 0.429 Loaded shared library c:\Users\ax201\.vscode\extensions\redhat.java-1.41.1-win32-x64\jre\21.0.6-win32-x86_64\bin\verify.dll
Event: 7.335 Loaded shared library C:\Users\ax201\AppData\Roaming\Code\User\globalStorage\redhat.java\1.41.1\config_win\org.eclipse.equinox.launcher\org.eclipse.equinox.launcher.win32.win32.x86_64_1.2.1300.v20250331-1702\eclipse_11911.dll
Event: 17.884 Loaded shared library C:\Users\ax201\.vscode\extensions\redhat.java-1.41.1-win32-x64\jre\21.0.6-win32-x86_64\bin\management.dll
Event: 17.886 Loaded shared library C:\Users\ax201\.vscode\extensions\redhat.java-1.41.1-win32-x64\jre\21.0.6-win32-x86_64\bin\management_ext.dll
Event: 19.168 Loaded shared library C:\Users\ax201\AppData\Local\Temp\jna-93206044\jna8843821105320335435.dll
Event: 19.265 Loaded shared library C:\Users\ax201\.vscode\extensions\redhat.java-1.41.1-win32-x64\jre\21.0.6-win32-x86_64\bin\sunmscapi.dll
Event: 19.624 Loaded shared library C:\Users\ax201\.vscode\extensions\redhat.java-1.41.1-win32-x64\jre\21.0.6-win32-x86_64\bin\extnet.dll

Deoptimization events (20 events):
Event: 35.979 Thread 0x00000140e80a6750 Uncommon trap: trap_request=0xffffff45 fr.pc=0x0000014096ddffb0 relative=0x0000000000000250
Event: 35.979 Thread 0x00000140e80a6750 Uncommon trap: reason=unstable_if action=reinterpret pc=0x0000014096ddffb0 method=java.nio.charset.CharsetDecoder.decode(Ljava/nio/ByteBuffer;Ljava/nio/CharBuffer;Z)Ljava/nio/charset/CoderResult; @ 93 c2
Event: 35.979 Thread 0x00000140e80a6750 DEOPT PACKING pc=0x0000014096ddffb0 sp=0x0000002549bfce30
Event: 35.979 Thread 0x00000140e80a6750 DEOPT UNPACKING pc=0x00000140967b3aa2 sp=0x0000002549bfcdc8 mode 2
Event: 35.980 Thread 0x00000140e80a6750 DEOPT PACKING pc=0x000001408f6b06a6 sp=0x0000002549bfd1c0
Event: 35.980 Thread 0x00000140e80a6750 DEOPT UNPACKING pc=0x00000140967b4242 sp=0x0000002549bfc6b0 mode 0
Event: 35.980 Thread 0x00000140e80a6750 DEOPT PACKING pc=0x000001408f6b06a6 sp=0x0000002549bfd100
Event: 35.980 Thread 0x00000140e80a6750 DEOPT UNPACKING pc=0x00000140967b4242 sp=0x0000002549bfc5f0 mode 0
Event: 35.980 Thread 0x00000140e80a6750 DEOPT PACKING pc=0x000001408f6b06a6 sp=0x0000002549bfd100
Event: 35.980 Thread 0x00000140e80a6750 DEOPT UNPACKING pc=0x00000140967b4242 sp=0x0000002549bfc5f0 mode 0
Event: 35.981 Thread 0x00000140e80a6750 DEOPT PACKING pc=0x000001408fd52f48 sp=0x0000002549bfd1f0
Event: 35.981 Thread 0x00000140e80a6750 DEOPT UNPACKING pc=0x00000140967b4242 sp=0x0000002549bfc6a8 mode 0
Event: 35.981 Thread 0x00000140e80a6750 DEOPT PACKING pc=0x000001408f6b06a6 sp=0x0000002549bfd110
Event: 35.981 Thread 0x00000140e80a6750 DEOPT UNPACKING pc=0x00000140967b4242 sp=0x0000002549bfc600 mode 0
Event: 35.981 Thread 0x00000140e80a6750 DEOPT PACKING pc=0x000001408f6b06a6 sp=0x0000002549bfd1c0
Event: 35.981 Thread 0x00000140e80a6750 DEOPT UNPACKING pc=0x00000140967b4242 sp=0x0000002549bfc6b0 mode 0
Event: 35.982 Thread 0x00000140e80a6750 DEOPT PACKING pc=0x000001408f6b06a6 sp=0x0000002549bfd1c0
Event: 35.982 Thread 0x00000140e80a6750 DEOPT UNPACKING pc=0x00000140967b4242 sp=0x0000002549bfc6b0 mode 0
Event: 35.982 Thread 0x00000140e80a6750 DEOPT PACKING pc=0x000001408f6b06a6 sp=0x0000002549bfd1c0
Event: 35.982 Thread 0x00000140e80a6750 DEOPT UNPACKING pc=0x00000140967b4242 sp=0x0000002549bfc6b0 mode 0

Classes loaded (20 events):
Event: 36.024 Loading class sun/nio/ch/FileChannelImpl$DefaultUnmapper
Event: 36.024 Loading class sun/nio/ch/FileChannelImpl$Unmapper
Event: 36.024 Loading class jdk/internal/access/foreign/UnmapperProxy
Event: 36.024 Loading class jdk/internal/access/foreign/UnmapperProxy done
Event: 36.025 Loading class sun/nio/ch/FileChannelImpl$Unmapper done
Event: 36.025 Loading class sun/nio/ch/FileChannelImpl$DefaultUnmapper done
Event: 36.025 Loading class sun/nio/ch/Util$4
Event: 36.025 Loading class sun/nio/ch/Util$4 done
Event: 36.030 Loading class java/nio/file/ClosedDirectoryStreamException
Event: 36.030 Loading class java/nio/file/ClosedDirectoryStreamException done
Event: 36.030 Loading class jdk/internal/jrtfs/JrtFileSystem
Event: 36.030 Loading class jdk/internal/jrtfs/JrtFileSystem done
Event: 36.030 Loading class jdk/internal/jrtfs/JrtPath
Event: 36.031 Loading class jdk/internal/jrtfs/JrtPath done
Event: 36.031 Loading class jdk/internal/jimage/ImageReader$Node
Event: 36.031 Loading class jdk/internal/jimage/ImageReader$Node done
Event: 36.034 Loading class java/nio/ByteBufferAsIntBufferL
Event: 36.034 Loading class java/nio/ByteBufferAsIntBufferL done
Event: 36.037 Loading class jdk/internal/jimage/ImageReader$Directory
Event: 36.037 Loading class jdk/internal/jimage/ImageReader$Directory done

Classes unloaded (12 events):
Event: 18.489 Thread 0x00000140a03d3500 Unloading class 0x00000140a21a3400 'java/lang/invoke/LambdaForm$MH+0x00000140a21a3400'
Event: 18.489 Thread 0x00000140a03d3500 Unloading class 0x00000140a21a3000 'java/lang/invoke/LambdaForm$MH+0x00000140a21a3000'
Event: 18.489 Thread 0x00000140a03d3500 Unloading class 0x00000140a21a2c00 'java/lang/invoke/LambdaForm$MH+0x00000140a21a2c00'
Event: 18.489 Thread 0x00000140a03d3500 Unloading class 0x00000140a21a2800 'java/lang/invoke/LambdaForm$MH+0x00000140a21a2800'
Event: 18.489 Thread 0x00000140a03d3500 Unloading class 0x00000140a21a2400 'java/lang/invoke/LambdaForm$BMH+0x00000140a21a2400'
Event: 18.489 Thread 0x00000140a03d3500 Unloading class 0x00000140a21a2000 'java/lang/invoke/LambdaForm$DMH+0x00000140a21a2000'
Event: 18.489 Thread 0x00000140a03d3500 Unloading class 0x00000140a21a0c00 'java/lang/invoke/LambdaForm$DMH+0x00000140a21a0c00'
Event: 31.854 Thread 0x00000140a03d3500 Unloading class 0x00000140a2625400 'java/lang/invoke/LambdaForm$DMH+0x00000140a2625400'
Event: 31.854 Thread 0x00000140a03d3500 Unloading class 0x00000140a2625000 'java/lang/invoke/LambdaForm$DMH+0x00000140a2625000'
Event: 31.854 Thread 0x00000140a03d3500 Unloading class 0x00000140a2624c00 'java/lang/invoke/LambdaForm$DMH+0x00000140a2624c00'
Event: 31.854 Thread 0x00000140a03d3500 Unloading class 0x00000140a2624800 'java/lang/invoke/LambdaForm$DMH+0x00000140a2624800'
Event: 31.854 Thread 0x00000140a03d3500 Unloading class 0x00000140a258c400 'java/lang/invoke/LambdaForm$DMH+0x00000140a258c400'

Classes redefined (0 events):
No events

Internal exceptions (20 events):
Event: 33.322 Thread 0x00000140e80a7470 Exception <a 'sun/nio/fs/WindowsException'{0x00000000eb89cf60}> (0x00000000eb89cf60) 
thrown [s\src\hotspot\share\prims\jni.cpp, line 520]
Event: 35.779 Thread 0x00000140e80a6750 Exception <a 'sun/nio/fs/WindowsException'{0x00000000ebc135e8}> (0x00000000ebc135e8) 
thrown [s\src\hotspot\share\prims\jni.cpp, line 520]
Event: 35.779 Thread 0x00000140e80a6750 Exception <a 'sun/nio/fs/WindowsException'{0x00000000ebc13fb0}> (0x00000000ebc13fb0) 
thrown [s\src\hotspot\share\prims\jni.cpp, line 520]
Event: 35.781 Thread 0x00000140e80a6750 Exception <a 'sun/nio/fs/WindowsException'{0x00000000ebc4a298}> (0x00000000ebc4a298) 
thrown [s\src\hotspot\share\prims\jni.cpp, line 520]
Event: 35.790 Thread 0x00000140e80a6750 Exception <a 'java/io/FileNotFoundException'{0x00000000ebc596d8}> (0x00000000ebc596d8) 
thrown [s\src\hotspot\share\prims\jni.cpp, line 520]
Event: 35.790 Thread 0x00000140e80a6750 Exception <a 'java/io/FileNotFoundException'{0x00000000ebc5a728}> (0x00000000ebc5a728) 
thrown [s\src\hotspot\share\prims\jni.cpp, line 520]
Event: 35.959 Thread 0x00000140e80a6750 Exception <a 'sun/nio/fs/WindowsException'{0x00000000ebe5c780}> (0x00000000ebe5c780) 
thrown [s\src\hotspot\share\prims\jni.cpp, line 520]
Event: 35.960 Thread 0x00000140e80a6750 Exception <a 'sun/nio/fs/WindowsException'{0x00000000ebe5d148}> (0x00000000ebe5d148) 
thrown [s\src\hotspot\share\prims\jni.cpp, line 520]
Event: 35.963 Thread 0x00000140e80a6750 Exception <a 'sun/nio/fs/WindowsException'{0x00000000ebe9ee10}> (0x00000000ebe9ee10) 
thrown [s\src\hotspot\share\prims\jni.cpp, line 520]
Event: 35.963 Thread 0x00000140e80a6750 Exception <a 'sun/nio/fs/WindowsException'{0x00000000ebe9f7d8}> (0x00000000ebe9f7d8) 
thrown [s\src\hotspot\share\prims\jni.cpp, line 520]
Event: 35.968 Thread 0x00000140e80a6750 Exception <a 'sun/nio/fs/WindowsException'{0x00000000ebed1698}> (0x00000000ebed1698) 
thrown [s\src\hotspot\share\prims\jni.cpp, line 520]
Event: 35.968 Thread 0x00000140e80a6750 Exception <a 'sun/nio/fs/WindowsException'{0x00000000ebed2060}> (0x00000000ebed2060) 
thrown [s\src\hotspot\share\prims\jni.cpp, line 520]
Event: 35.971 Thread 0x00000140e80a6750 Exception <a 'sun/nio/fs/WindowsException'{0x00000000eab12258}> (0x00000000eab12258) 
thrown [s\src\hotspot\share\prims\jni.cpp, line 520]
Event: 35.972 Thread 0x00000140e80a6750 Exception <a 'sun/nio/fs/WindowsException'{0x00000000eab12c20}> (0x00000000eab12c20) 
thrown [s\src\hotspot\share\prims\jni.cpp, line 520]
Event: 35.978 Thread 0x00000140e80a6750 Exception <a 'java/lang/ClassNotFoundException'{0x00000000eab38638}: com/sun/org/apache/xerces/internal/impl/msg/spi/DOMMessagesProvider> (0x00000000eab38638) 
thrown [s\src\hotspot\share\classfile\systemDictionary.cpp, line 312]
Event: 35.979 Thread 0x00000140e80a6750 Exception <a 'java/lang/ClassNotFoundException'{0x00000000eab59760}: com/sun/org/apache/xerces/internal/impl/msg/spi/XMLSerializerMessagesProvider> (0x00000000eab59760) 
thrown [s\src\hotspot\share\classfile\systemDictionary.cpp, line 312]
Event: 35.980 Thread 0x00000140e80a6750 Exception <a 'java/lang/ClassNotFoundException'{0x00000000eab71cc0}: com/sun/org/apache/xerces/internal/impl/msg/spi/XMLMessagesProvider> (0x00000000eab71cc0) 
thrown [s\src\hotspot\share\classfile\systemDictionary.cpp, line 312]
Event: 35.995 Thread 0x00000140e80a6750 Exception <a 'sun/nio/fs/WindowsException'{0x00000000eac618e8}> (0x00000000eac618e8) 
thrown [s\src\hotspot\share\prims\jni.cpp, line 520]
Event: 35.995 Thread 0x00000140e80a6750 Exception <a 'sun/nio/fs/WindowsException'{0x00000000eac622b0}> (0x00000000eac622b0) 
thrown [s\src\hotspot\share\prims\jni.cpp, line 520]
Event: 36.026 Thread 0x00000140e80a6750 Exception <a 'java/lang/NoSuchMethodError'{0x00000000eae885f8}: 'java.lang.Object java.lang.invoke.DelegatingMethodHandle$Holder.reinvoke_L(java.lang.Object, int, long, java.lang.Object, java.lang.Object, int, java.lang.Object)'> (0x00000000eae885f8) 
thrown [s\src\hotspot\share\interpreter\linkResolver.cpp, line 773]

ZGC Phase Switch (0 events):
No events

VM Operations (20 events):
Event: 33.267 Executing VM operation: Cleanup
Event: 33.314 Executing VM operation: Cleanup done
Event: 34.325 Executing VM operation: Cleanup
Event: 34.325 Executing VM operation: Cleanup done
Event: 35.336 Executing VM operation: Cleanup
Event: 35.337 Executing VM operation: Cleanup done
Event: 35.969 Executing VM operation: ParallelGCFailedAllocation (Allocation Failure)
Event: 35.971 Executing VM operation: ParallelGCFailedAllocation (Allocation Failure) done
Event: 36.006 Executing VM operation: HandshakeAllThreads (Deoptimize)
Event: 36.006 Executing VM operation: HandshakeAllThreads (Deoptimize) done
Event: 36.014 Executing VM operation: HandshakeAllThreads (Deoptimize)
Event: 36.014 Executing VM operation: HandshakeAllThreads (Deoptimize) done
Event: 36.035 Executing VM operation: HandshakeAllThreads (Deoptimize)
Event: 36.035 Executing VM operation: HandshakeAllThreads (Deoptimize) done
Event: 36.036 Executing VM operation: HandshakeAllThreads (Deoptimize)
Event: 36.036 Executing VM operation: HandshakeAllThreads (Deoptimize) done
Event: 36.061 Executing VM operation: HandshakeAllThreads (Deoptimize)
Event: 36.061 Executing VM operation: HandshakeAllThreads (Deoptimize) done
Event: 36.136 Executing VM operation: ParallelGCFailedAllocation (Allocation Failure)
Event: 36.138 Executing VM operation: ParallelGCFailedAllocation (Allocation Failure) done

Memory protections (0 events):
No events

Nmethod flushes (20 events):
Event: 31.877 Thread 0x00000140a03d3500 flushing  nmethod 0x000001408fa9a810
Event: 31.877 Thread 0x00000140a03d3500 flushing  nmethod 0x000001408fa9c310
Event: 31.877 Thread 0x00000140a03d3500 flushing  nmethod 0x000001408fab0190
Event: 31.877 Thread 0x00000140a03d3500 flushing  nmethod 0x000001408fabd290
Event: 31.877 Thread 0x00000140a03d3500 flushing  nmethod 0x000001408fad7a90
Event: 31.877 Thread 0x00000140a03d3500 flushing  nmethod 0x000001408faf4790
Event: 31.877 Thread 0x00000140a03d3500 flushing  nmethod 0x000001408faf5090
Event: 31.877 Thread 0x00000140a03d3500 flushing  nmethod 0x000001408faf5b90
Event: 31.877 Thread 0x00000140a03d3500 flushing  nmethod 0x000001408fafaf90
Event: 31.877 Thread 0x00000140a03d3500 flushing  nmethod 0x000001408fb10490
Event: 31.877 Thread 0x00000140a03d3500 flushing  nmethod 0x000001408fb12210
Event: 31.877 Thread 0x00000140a03d3500 flushing  nmethod 0x000001408fb12890
Event: 31.877 Thread 0x00000140a03d3500 flushing  nmethod 0x000001408fb13810
Event: 31.877 Thread 0x00000140a03d3500 flushing  nmethod 0x000001408fb13c10
Event: 31.877 Thread 0x00000140a03d3500 flushing  nmethod 0x000001408fb14410
Event: 31.877 Thread 0x00000140a03d3500 flushing  nmethod 0x000001408fb14c10
Event: 31.877 Thread 0x00000140a03d3500 flushing  nmethod 0x000001408fb15110
Event: 31.877 Thread 0x00000140a03d3500 flushing  nmethod 0x000001408fb2ca90
Event: 31.877 Thread 0x00000140a03d3500 flushing  nmethod 0x000001408fb3a610
Event: 31.877 Thread 0x00000140a03d3500 flushing  nmethod 0x000001408fb43a10

Events (20 events):
Event: 28.605 Thread 0x00000140eb191400 Thread exited: 0x00000140eb191400
Event: 28.605 Thread 0x00000140eb18e610 Thread exited: 0x00000140eb18e610
Event: 28.606 Thread 0x00000140eb1927b0 Thread exited: 0x00000140eb1927b0
Event: 28.606 Thread 0x00000140eb190d70 Thread exited: 0x00000140eb190d70
Event: 28.606 Thread 0x00000140eb192e40 Thread exited: 0x00000140eb192e40
Event: 29.278 Thread 0x00000140e80a6750 Thread added: 0x00000140eb18e610
Event: 30.104 Thread 0x00000140ea5a6ef0 Thread exited: 0x00000140ea5a6ef0
Event: 30.190 Thread 0x00000140eb18e610 Thread exited: 0x00000140eb18e610
Event: 30.657 Thread 0x00000140e80a6750 Thread added: 0x00000140eb1941f0
Event: 30.658 Thread 0x00000140e80a6750 Thread added: 0x00000140eb18e610
Event: 30.658 Thread 0x00000140e80a6750 Thread added: 0x00000140eb192e40
Event: 30.658 Thread 0x00000140e80a6750 Thread added: 0x00000140eb190050
Event: 30.658 Thread 0x00000140e80a6750 Thread added: 0x00000140eb194880
Event: 30.884 Thread 0x00000140eb1941f0 Thread exited: 0x00000140eb1941f0
Event: 30.884 Thread 0x00000140eb194880 Thread exited: 0x00000140eb194880
Event: 30.884 Thread 0x00000140eb192e40 Thread exited: 0x00000140eb192e40
Event: 30.884 Thread 0x00000140eb190050 Thread exited: 0x00000140eb190050
Event: 30.884 Thread 0x00000140eb18e610 Thread exited: 0x00000140eb18e610
Event: 35.812 Thread 0x00000140e80a6750 Thread added: 0x00000140eb1934d0
Event: 35.812 Thread 0x00000140eb1934d0 Thread exited: 0x00000140eb1934d0


Dynamic libraries:
0x00007ff7175d0000 - 0x00007ff7175de000 	c:\Users\ax201\.vscode\extensions\redhat.java-1.41.1-win32-x64\jre\21.0.6-win32-x86_64\bin\java.exe
0x00007fff4a890000 - 0x00007fff4aaa7000 	C:\windows\SYSTEM32\ntdll.dll
0x00007fff48e70000 - 0x00007fff48f34000 	C:\windows\System32\KERNEL32.DLL
0x00007fff47af0000 - 0x00007fff47ec3000 	C:\windows\System32\KERNELBASE.dll
0x00007fff483e0000 - 0x00007fff484f1000 	C:\windows\System32\ucrtbase.dll
0x00007fff3f040000 - 0x00007fff3f05e000 	c:\Users\ax201\.vscode\extensions\redhat.java-1.41.1-win32-x64\jre\21.0.6-win32-x86_64\bin\VCRUNTIME140.dll
0x00007fff3a320000 - 0x00007fff3a338000 	c:\Users\ax201\.vscode\extensions\redhat.java-1.41.1-win32-x64\jre\21.0.6-win32-x86_64\bin\jli.dll
0x00007fff487f0000 - 0x00007fff489a1000 	C:\windows\System32\USER32.dll
0x00007fff35ee0000 - 0x00007fff36178000 	C:\windows\WinSxS\amd64_microsoft.windows.common-controls_6595b64144ccf1df_6.0.22621.5124_none_270e8f4f7386d69d\COMCTL32.dll
0x00007fff48500000 - 0x00007fff48526000 	C:\windows\System32\win32u.dll
0x00007fff48d60000 - 0x00007fff48e07000 	C:\windows\System32\msvcrt.dll
0x00007fff48650000 - 0x00007fff48679000 	C:\windows\System32\GDI32.dll
0x00007fff479d0000 - 0x00007fff47aeb000 	C:\windows\System32\gdi32full.dll
0x00007fff48340000 - 0x00007fff483da000 	C:\windows\System32\msvcp_win.dll
0x00007fff4a140000 - 0x00007fff4a171000 	C:\windows\System32\IMM32.DLL
0x00007fff437c0000 - 0x00007fff437cc000 	c:\Users\ax201\.vscode\extensions\redhat.java-1.41.1-win32-x64\jre\21.0.6-win32-x86_64\bin\vcruntime140_1.dll
0x00007fff322b0000 - 0x00007fff3233d000 	c:\Users\ax201\.vscode\extensions\redhat.java-1.41.1-win32-x64\jre\21.0.6-win32-x86_64\bin\msvcp140.dll
0x00007ffecbab0000 - 0x00007ffecc840000 	c:\Users\ax201\.vscode\extensions\redhat.java-1.41.1-win32-x64\jre\21.0.6-win32-x86_64\bin\server\jvm.dll
0x00007fff489b0000 - 0x00007fff48a61000 	C:\windows\System32\ADVAPI32.dll
0x00007fff4a000000 - 0x00007fff4a0a8000 	C:\windows\System32\sechost.dll
0x00007fff479a0000 - 0x00007fff479c8000 	C:\windows\System32\bcrypt.dll
0x00007fff49100000 - 0x00007fff49214000 	C:\windows\System32\RPCRT4.dll
0x00007fff48750000 - 0x00007fff487c1000 	C:\windows\System32\WS2_32.dll
0x00007fff42bf0000 - 0x00007fff42c24000 	C:\windows\SYSTEM32\WINMM.dll
0x00007fff476c0000 - 0x00007fff4770d000 	C:\windows\SYSTEM32\POWRPROF.dll
0x00007fff3c720000 - 0x00007fff3c72a000 	C:\windows\SYSTEM32\VERSION.dll
0x00007fff476a0000 - 0x00007fff476b3000 	C:\windows\SYSTEM32\UMPDC.dll
0x00007fff469a0000 - 0x00007fff469b8000 	C:\windows\SYSTEM32\kernel.appcore.dll
0x00007fff435f0000 - 0x00007fff435fa000 	c:\Users\ax201\.vscode\extensions\redhat.java-1.41.1-win32-x64\jre\21.0.6-win32-x86_64\bin\jimage.dll
0x00007fff45450000 - 0x00007fff45682000 	C:\windows\SYSTEM32\DBGHELP.DLL
0x00007fff4a4b0000 - 0x00007fff4a842000 	C:\windows\System32\combase.dll
0x00007fff49020000 - 0x00007fff490f7000 	C:\windows\System32\OLEAUT32.dll
0x00007fff2c750000 - 0x00007fff2c782000 	C:\windows\SYSTEM32\dbgcore.DLL
0x00007fff47f50000 - 0x00007fff47fcb000 	C:\windows\System32\bcryptPrimitives.dll
0x00007fff42760000 - 0x00007fff4276f000 	c:\Users\ax201\.vscode\extensions\redhat.java-1.41.1-win32-x64\jre\21.0.6-win32-x86_64\bin\instrument.dll
0x00007fff380e0000 - 0x00007fff380ff000 	c:\Users\ax201\.vscode\extensions\redhat.java-1.41.1-win32-x64\jre\21.0.6-win32-x86_64\bin\java.dll
0x00007fff496a0000 - 0x00007fff49f36000 	C:\windows\System32\SHELL32.dll
0x00007fff48200000 - 0x00007fff4833f000 	C:\windows\System32\wintypes.dll
0x00007fff45870000 - 0x00007fff4618a000 	C:\windows\SYSTEM32\windows.storage.dll
0x00007fff48c30000 - 0x00007fff48d3a000 	C:\windows\System32\SHCORE.dll
0x00007fff48fb0000 - 0x00007fff49013000 	C:\windows\System32\shlwapi.dll
0x00007fff478d0000 - 0x00007fff478fb000 	C:\windows\SYSTEM32\profapi.dll
0x00007fff380c0000 - 0x00007fff380d8000 	c:\Users\ax201\.vscode\extensions\redhat.java-1.41.1-win32-x64\jre\21.0.6-win32-x86_64\bin\zip.dll
0x00007fff42660000 - 0x00007fff42670000 	C:\Users\ax201\.vscode\extensions\redhat.java-1.41.1-win32-x64\jre\21.0.6-win32-x86_64\bin\net.dll
0x00007fff423d0000 - 0x00007fff424fc000 	C:\windows\SYSTEM32\WINHTTP.dll
0x00007fff46e50000 - 0x00007fff46eba000 	C:\windows\system32\mswsock.dll
0x00007fff38000000 - 0x00007fff38016000 	C:\Users\ax201\.vscode\extensions\redhat.java-1.41.1-win32-x64\jre\21.0.6-win32-x86_64\bin\nio.dll
0x00007fff40bf0000 - 0x00007fff40c00000 	c:\Users\ax201\.vscode\extensions\redhat.java-1.41.1-win32-x64\jre\21.0.6-win32-x86_64\bin\verify.dll
0x00007fff32260000 - 0x00007fff322a5000 	C:\Users\ax201\AppData\Roaming\Code\User\globalStorage\redhat.java\1.41.1\config_win\org.eclipse.equinox.launcher\org.eclipse.equinox.launcher.win32.win32.x86_64_1.2.1300.v20250331-1702\eclipse_11911.dll
0x00007fff4a300000 - 0x00007fff4a4a1000 	C:\windows\System32\ole32.dll
0x00007fff38b70000 - 0x00007fff38b7a000 	C:\Users\ax201\.vscode\extensions\redhat.java-1.41.1-win32-x64\jre\21.0.6-win32-x86_64\bin\management.dll
0x00007fff384e0000 - 0x00007fff384eb000 	C:\Users\ax201\.vscode\extensions\redhat.java-1.41.1-win32-x64\jre\21.0.6-win32-x86_64\bin\management_ext.dll
0x00007fff48640000 - 0x00007fff48648000 	C:\windows\System32\PSAPI.DLL
0x00007fff470b0000 - 0x00007fff470cb000 	C:\windows\SYSTEM32\CRYPTSP.dll
0x00007fff46900000 - 0x00007fff46937000 	C:\windows\system32\rsaenh.dll
0x00007fff46f40000 - 0x00007fff46f68000 	C:\windows\SYSTEM32\USERENV.dll
0x00007fff470a0000 - 0x00007fff470ac000 	C:\windows\SYSTEM32\CRYPTBASE.dll
0x00007fff463f0000 - 0x00007fff4641d000 	C:\windows\SYSTEM32\IPHLPAPI.DLL
0x00007fff487e0000 - 0x00007fff487e9000 	C:\windows\System32\NSI.dll
0x00007ffef6a00000 - 0x00007ffef6a49000 	C:\Users\ax201\AppData\Local\Temp\jna-93206044\jna8843821105320335435.dll
0x00007fff42680000 - 0x00007fff42699000 	C:\windows\SYSTEM32\dhcpcsvc6.DLL
0x00007fff423b0000 - 0x00007fff423cf000 	C:\windows\SYSTEM32\dhcpcsvc.DLL
0x00007fff38270000 - 0x00007fff3827e000 	C:\Users\ax201\.vscode\extensions\redhat.java-1.41.1-win32-x64\jre\21.0.6-win32-x86_64\bin\sunmscapi.dll
0x00007fff48090000 - 0x00007fff481f7000 	C:\windows\System32\CRYPT32.dll
0x00007fff47260000 - 0x00007fff4728d000 	C:\windows\SYSTEM32\ncrypt.dll
0x00007fff47220000 - 0x00007fff47257000 	C:\windows\SYSTEM32\NTASN1.dll
0x00007fff46460000 - 0x00007fff46562000 	C:\windows\SYSTEM32\DNSAPI.dll
0x00007fff42670000 - 0x00007fff4267a000 	C:\Windows\System32\rasadhlp.dll
0x00007fff41210000 - 0x00007fff41293000 	C:\windows\System32\fwpuclnt.dll
0x00007fff38200000 - 0x00007fff38209000 	C:\Users\ax201\.vscode\extensions\redhat.java-1.41.1-win32-x64\jre\21.0.6-win32-x86_64\bin\extnet.dll

dbghelp: loaded successfully - version: 4.0.5 - missing functions: none
symbol engine: initialized successfully - sym options: 0x614 - pdb path: .;c:\Users\ax201\.vscode\extensions\redhat.java-1.41.1-win32-x64\jre\21.0.6-win32-x86_64\bin;C:\windows\SYSTEM32;C:\windows\WinSxS\amd64_microsoft.windows.common-controls_6595b64144ccf1df_6.0.22621.5124_none_270e8f4f7386d69d;c:\Users\ax201\.vscode\extensions\redhat.java-1.41.1-win32-x64\jre\21.0.6-win32-x86_64\bin\server;C:\Users\ax201\AppData\Roaming\Code\User\globalStorage\redhat.java\1.41.1\config_win\org.eclipse.equinox.launcher\org.eclipse.equinox.launcher.win32.win32.x86_64_1.2.1300.v20250331-1702;C:\Users\ax201\AppData\Local\Temp\jna-93206044

VM Arguments:
jvm_args: --add-modules=ALL-SYSTEM --add-opens=java.base/java.util=ALL-UNNAMED --add-opens=java.base/java.lang=ALL-UNNAMED --add-opens=java.base/sun.nio.fs=ALL-UNNAMED -Declipse.application=org.eclipse.jdt.ls.core.id1 -Dosgi.bundles.defaultStartLevel=4 -Declipse.product=org.eclipse.jdt.ls.core.product -Djava.import.generatesMetadataFilesAtProjectRoot=false -DDetectVMInstallationsJob.disabled=true -Dfile.encoding=utf8 -XX:+UseParallelGC -XX:GCTimeRatio=4 -XX:AdaptiveSizePolicyWeight=90 -Dsun.zip.disableMemoryMapping=true -Xmx1G -Xms100m -Xlog:disable -javaagent:c:\Users\ax201\.vscode\extensions\redhat.java-1.41.1-win32-x64\lombok\lombok-1.18.36.jar -XX:+HeapDumpOnOutOfMemoryError -XX:HeapDumpPath=c:\Users\ax201\AppData\Roaming\Code\User\workspaceStorage\d68a245a18b75e04634b6f98b15ffa60\redhat.java -Daether.dependencyCollector.impl=bf 
java_command: c:\Users\ax201\.vscode\extensions\redhat.java-1.41.1-win32-x64\server\plugins\org.eclipse.equinox.launcher_1.7.0.v20250331-1702.jar -configuration c:\Users\ax201\AppData\Roaming\Code\User\globalStorage\redhat.java\1.41.1\config_win -data c:\Users\ax201\AppData\Roaming\Code\User\workspaceStorage\d68a245a18b75e04634b6f98b15ffa60\redhat.java\jdt_ws --pipe=\\.\pipe\lsp-52f6fd4ac72f564bc53a11029f139f51-sock
java_class_path (initial): c:\Users\ax201\.vscode\extensions\redhat.java-1.41.1-win32-x64\server\plugins\org.eclipse.equinox.launcher_1.7.0.v20250331-1702.jar
Launcher Type: SUN_STANDARD

[Global flags]
    uintx AdaptiveSizePolicyWeight                 = 90                                        {product} {command line}
     intx CICompilerCount                          = 4                                         {product} {ergonomic}
    uintx GCTimeRatio                              = 4                                         {product} {command line}
     bool HeapDumpOnOutOfMemoryError               = true                                   {manageable} {command line}
    ccstr HeapDumpPath                             = c:\Users\ax201\AppData\Roaming\Code\User\workspaceStorage\d68a245a18b75e04634b6f98b15ffa60\redhat.java         {manageable} {command line}
   size_t InitialHeapSize                          = 104857600                                 {product} {command line}
   size_t MaxHeapSize                              = 1073741824                                {product} {command line}
   size_t MaxNewSize                               = 357564416                                 {product} {ergonomic}
   size_t MinHeapDeltaBytes                        = 524288                                    {product} {ergonomic}
   size_t MinHeapSize                              = 104857600                                 {product} {command line}
   size_t NewSize                                  = 34603008                                  {product} {ergonomic}
    uintx NonNMethodCodeHeapSize                   = 5839372                                {pd product} {ergonomic}
    uintx NonProfiledCodeHeapSize                  = 122909434                              {pd product} {ergonomic}
   size_t OldSize                                  = 70254592                                  {product} {ergonomic}
    uintx ProfiledCodeHeapSize                     = 122909434                              {pd product} {ergonomic}
    uintx ReservedCodeCacheSize                    = 251658240                              {pd product} {ergonomic}
     bool SegmentedCodeCache                       = true                                      {product} {ergonomic}
   size_t SoftMaxHeapSize                          = 1073741824                             {manageable} {ergonomic}
     bool UseCompressedOops                        = true                           {product lp64_product} {ergonomic}
     bool UseLargePagesIndividualAllocation        = false                                  {pd product} {ergonomic}
     bool UseParallelGC                            = true                                      {product} {command line}

Logging:
Log output configuration:
 #0: stdout all=off uptime,level,tags foldmultilines=false
 #1: stderr all=off uptime,level,tags foldmultilines=false

Environment Variables:
JAVA_HOME=C:\Program Files\Eclipse Adoptium\jdk-17.0.15.6-hotspot\
PATH=C:\Program Files\Eclipse Adoptium\jdk-17.0.15.6-hotspot\bin;C:\Python313\Scripts\;C:\Python313\;C:\Program Files (x86)\Razer Chroma SDK\bin;C:\Program Files\Razer Chroma SDK\bin;C:\Program Files (x86)\Razer\ChromaBroadcast\bin;C:\Program Files\Razer\ChromaBroadcast\bin;C:\Program Files\Common Files\Oracle\Java\javapath;C:\Program Files (x86)\Common Files\Oracle\Java\java8path;C:\Program Files (x86)\Common Files\Oracle\Java\javapath;C:\WINDOWS\system32;C:\WINDOWS;C:\WINDOWS\System32\Wbem;C:\WINDOWS\System32\WindowsPowerShell\v1.0\;C:\WINDOWS\System32\OpenSSH\;C:\Program Files\Git\cmd;C:\apache-maven-3.9.7-bin\apache-maven-3.9.7\bin;C:\Program Files\Java\jdk-22\bin;;C:\Program Files\Docker\Docker\resources\bin;c:\Users\ax201\AppData\Local\Programs\cursor\resources\app\bin;C:\Users\ax201\AppData\Local\Microsoft\WindowsApps;C:\Users\ax201\AppData\Local\Programs\Microsoft VS Code\bin;C:\Users\ax201\AppData\Local\GitHubDesktop\bin;C:\windows\system32\config\systemprofile\AppData\Local\Microsoft\WindowsApps;C:\Program Files\PowerShell\7\;C:\Program Files\nodejs\;C:\ProgramData\chocolatey\bin;C:\Users\ax201\AppData\Local\Microsoft\WindowsApps;C:\Users\ax201\AppData\Local\Programs\Microsoft VS Code\bin;C:\Users\ax201\AppData\Local\GitHubDesktop\bin;C:\Users\ax201\AppData\Local\Programs\cursor\resources\app\bin;C:\Users\ax201\AppData\Roaming\npm;C:\Program Files\JetBrains\DataGrip 2025.1\bin;;C:\Program Files\JetBrains\IntelliJ IDEA 2025.1\bin;;C:\Users\ax201\AppData\Local\Programs\Windsurf\bin
USERNAME=ax201
OS=Windows_NT
PROCESSOR_IDENTIFIER=AMD64 Family 23 Model 104 Stepping 1, AuthenticAMD
TMP=C:\Users\ax201\AppData\Local\Temp
TEMP=C:\Users\ax201\AppData\Local\Temp




Periodic native trim disabled

---------------  S Y S T E M  ---------------

OS:
 Windows 11 , 64 bit Build 22621 (10.0.22621.5124)
OS uptime: 0 days 15:28 hours
Hyper-V role detected

CPU: total 8 (initial active 8) (8 cores per cpu, 2 threads per core) family 23 model 104 stepping 1 microcode 0x0, cx8, cmov, fxsr, ht, mmx, 3dnowpref, sse, sse2, sse3, ssse3, sse4a, sse4.1, sse4.2, popcnt, lzcnt, tsc, tscinvbit, avx, avx2, aes, clmul, bmi1, bmi2, adx, sha, fma, vzeroupper, clflush, clflushopt, hv, rdtscp, rdpid, f16c
Processor Information for the first 8 processors :
  Max Mhz: 2600, Current Mhz: 2600, Mhz Limit: 2600

Memory: 4k page, system-wide physical 6005M (331M free)
TotalPageFile size 24437M (AvailPageFile size 0M)
current process WorkingSet (physical memory assigned to process): 251M, peak: 255M
current process commit charge ("private bytes"): 318M, peak: 322M

vm_info: OpenJDK 64-Bit Server VM (21.0.6+7-LTS) for windows-amd64 JRE (21.0.6+7-LTS), built on 2025-01-21T00:00:00Z by "admin" with MS VC++ 17.7 (VS2022)

END.
